<?xml version="1.0" encoding="UTF-8"?>
<!-- Generated by org.testng.reporters.JUnitReportReporter -->
<testsuite hostname="Naveen" failures="0" tests="1" name="jacksonAnnotations.jsonAnnotationrSerialization" time="0.299" errors="0" timestamp="2024-02-23T13:03:56 IST" skipped="0">
  <testcase classname="jacksonAnnotations.jsonAnnotationrSerialization" name="jsonGetter" time="0.299"/>
  <system-out/>
</testsuite> <!-- jacksonAnnotations.jsonAnnotationrSerialization -->
