<?xml version="1.0" encoding="UTF-8"?>
<!-- Generated by org.testng.reporters.JUnitReportReporter -->
<testsuite hostname="Naveen" failures="0" tests="1" name="deserialiazeAnnotation.jsonCreatorAndPropertySerailiazer" time="0.643" errors="0" timestamp="2024-02-23T15:07:28 IST" skipped="0">
  <testcase classname="deserialiazeAnnotation.jsonCreatorAndPropertySerailiazer" name="jsonCreatorAndProperty" time="0.643"/>
  <system-out/>
</testsuite> <!-- deserialiazeAnnotation.jsonCreatorAndPropertySerailiazer -->
