<?xml version="1.0" encoding="UTF-8"?>
<!-- Generated by org.testng.reporters.JUnitReportReporter -->
<testsuite hostname="Naveen" failures="0" tests="1" name="reqSpecificationExample.reqSpecificationExamples" time="4.794" errors="0" timestamp="2024-02-20T13:31:30 IST" skipped="0">
  <testcase classname="reqSpecificationExample.reqSpecificationExamples" name="postMethod" time="4.794"/>
  <system-out/>
</testsuite> <!-- reqSpecificationExample.reqSpecificationExamples -->
