<?xml version="1.0" encoding="UTF-8"?>
<!-- Generated by org.testng.reporters.JUnitReportReporter -->
<testsuite hostname="Naveen" failures="0" tests="1" name="deserialiazeAnnotation.jsonIncludeSerialiazer" time="0.325" errors="0" timestamp="2024-02-23T17:58:12 IST" skipped="0">
  <testcase classname="deserialiazeAnnotation.jsonIncludeSerialiazer" name="JsonIgnoreAndInclude" time="0.325"/>
  <system-out/>
</testsuite> <!-- deserialiazeAnnotation.jsonIncludeSerialiazer -->
