<?xml version="1.0" encoding="UTF-8"?>
<!-- Generated by org.testng.reporters.JUnitReportReporter -->
<testsuite hostname="Naveen" failures="0" tests="1" name="Deserialization.deserializationMethod" time="2.502" errors="0" timestamp="2024-02-16T17:55:59 IST" skipped="0">
  <testcase classname="Deserialization.deserializationMethod" name="deserialization_UsingAsFunction" time="2.502"/>
  <system-out/>
</testsuite> <!-- Deserialization.deserializationMethod -->
