<?xml version="1.0" encoding="UTF-8"?>
<!-- Generated by org.testng.reporters.JUnitReportReporter -->
<testsuite hostname="Naveen" failures="0" tests="1" name="InterviewQuestions.InterviewQns" time="3.597" errors="0" timestamp="2024-02-23T18:49:38 IST" skipped="0">
  <testcase classname="InterviewQuestions.InterviewQns" name="getReqSpecValueFromCode" time="3.597"/>
  <system-out/>
</testsuite> <!-- InterviewQuestions.InterviewQns -->
