<?xml version="1.0" encoding="UTF-8"?>
<!-- Generated by org.testng.reporters.JUnitReportReporter -->
<testsuite hostname="Naveen" failures="0" tests="1" name="Bdd_Method.Jsonpath" time="0.106" errors="0" timestamp="2024-01-24T11:49:07 IST" skipped="0">
  <testcase classname="Bdd_Method.Jsonpath" name="parsingOneTime" time="0.106"/>
  <system-out/>
</testsuite> <!-- Bdd_Method.Jsonpath -->
