<?xml version="1.0" encoding="UTF-8"?>
<!-- Generated by org.testng.reporters.JUnitReportReporter -->
<testsuite hostname="Naveen" failures="0" tests="1" name="Bdd_Method.crudForBdd" time="2.000" errors="0" timestamp="2024-02-19T19:09:09 IST" skipped="0">
  <testcase classname="Bdd_Method.crudForBdd" name="postMethod" time="2.000"/>
  <system-out/>
</testsuite> <!-- Bdd_Method.crudForBdd -->
