<?xml version="1.0" encoding="UTF-8"?>
<!-- Generated by org.testng.reporters.JUnitReportReporter -->
<testsuite hostname="Naveen" failures="0" tests="1" name="Bdd_Method.JsonSchemaValidation" time="3.276" errors="0" timestamp="2024-01-17T12:37:58 IST" skipped="0">
  <testcase classname="Bdd_Method.JsonSchemaValidation" name="validationUsingJSONSchemaValidation" time="3.276"/>
  <system-out/>
</testsuite> <!-- Bdd_Method.JsonSchemaValidation -->
