<?xml version="1.0" encoding="UTF-8"?>
<!-- Generated by org.testng.reporters.JUnitReportReporter -->
<testsuite hostname="Naveen" failures="0" tests="1" name="Bdd_Method.Jsonpath" time="0.135" errors="0" timestamp="2024-01-30T18:18:30 IST" skipped="0">
  <testcase classname="Bdd_Method.Jsonpath" name="FilterPredicates" time="0.135"/>
  <system-out/>
</testsuite> <!-- Bdd_Method.Jsonpath -->
