<?xml version="1.0" encoding="UTF-8"?>
<!-- Generated by org.testng.reporters.JUnitReportReporter -->
<testsuite hostname="Naveen" failures="0" tests="1" name="Deserialization.jsonSerializationAnnotationSerializer" time="0.316" errors="0" timestamp="2024-02-22T18:50:15 IST" skipped="0">
  <testcase classname="Deserialization.jsonSerializationAnnotationSerializer" name="jsonSerializer" time="0.316"/>
  <system-out/>
</testsuite> <!-- Deserialization.jsonSerializationAnnotationSerializer -->
