<?xml version="1.0" encoding="UTF-8"?>
<!-- Generated by org.testng.reporters.JUnitReportReporter -->
<testsuite hostname="Naveen" failures="0" tests="1" name="non_BDD_Rest.getMethodBasic" time="2.623" errors="0" timestamp="2023-10-12T18:44:47 IST" skipped="0">
  <testcase classname="non_BDD_Rest.getMethodBasic" name="postApiBasic" time="2.623"/>
  <system-out/>
</testsuite> <!-- non_BDD_Rest.getMethodBasic -->
