<?xml version="1.0" encoding="UTF-8"?>
<!-- Generated by org.testng.reporters.JUnitReportReporter -->
<testsuite hostname="Naveen" failures="0" tests="1" name="Bdd_Method.JSONschemaValidationUsingNetworkn" time="1.068" errors="0" timestamp="2024-01-17T19:18:38 IST" skipped="0">
  <testcase classname="Bdd_Method.JSONschemaValidationUsingNetworkn" name="JSONschemaValidationHamcrest" time="1.068"/>
  <system-out/>
</testsuite> <!-- Bdd_Method.JSONschemaValidationUsingNetworkn -->
