<?xml version="1.0" encoding="UTF-8"?>
<!-- Generated by org.testng.reporters.JUnitReportReporter -->
<testsuite hostname="Naveen" failures="0" tests="1" name="Deserialization.deserializationMethod" time="0.010" errors="0" timestamp="2024-02-22T19:23:00 IST" skipped="0">
  <testcase classname="Deserialization.deserializationMethod" name="deserial" time="0.010"/>
  <system-out/>
</testsuite> <!-- Deserialization.deserializationMethod -->
