<?xml version="1.0" encoding="UTF-8"?>
<!-- Generated by org.testng.reporters.JUnitReportReporter -->
<testsuite hostname="Naveen" failures="0" tests="3" name="reqSpecificationExample.reqSpecificationExamples" time="2.220" errors="0" timestamp="2024-02-19T19:21:26 IST" skipped="0">
  <testcase classname="reqSpecificationExample.reqSpecificationExamples" name="getRating1" time="1.394"/>
  <system-out/>
  <testcase classname="reqSpecificationExample.reqSpecificationExamples" name="postMethod" time="0.590"/>
  <system-out/>
  <testcase classname="reqSpecificationExample.reqSpecificationExamples" name="getWidgetDetails" time="0.236"/>
  <system-out/>
</testsuite> <!-- reqSpecificationExample.reqSpecificationExamples -->
