<?xml version="1.0" encoding="UTF-8"?>
<!-- Generated by org.testng.reporters.JUnitReportReporter -->
<testsuite hostname="Naveen" failures="0" tests="1" name="jacksonAnnotations.jsonAnyGetterSerialization" time="0.293" errors="0" timestamp="2024-02-22T15:58:22 IST" skipped="0">
  <testcase classname="jacksonAnnotations.jsonAnyGetterSerialization" name="anygetter" time="0.293"/>
  <system-out/>
</testsuite> <!-- jacksonAnnotations.jsonAnyGetterSerialization -->
