<?xml version="1.0" encoding="UTF-8"?>
<!-- Generated by org.testng.reporters.JUnitReportReporter -->
<testsuite hostname="Naveen" failures="0" tests="1" name="deserialiazeAnnotation.jsonAnysetterDeserialiazer" time="0.382" errors="0" timestamp="2024-02-23T12:54:06 IST" skipped="0">
  <testcase classname="deserialiazeAnnotation.jsonAnysetterDeserialiazer" name="jsonAnySetter" time="0.382"/>
  <system-out/>
</testsuite> <!-- deserialiazeAnnotation.jsonAnysetterDeserialiazer -->
