<?xml version="1.0" encoding="UTF-8"?>
<!-- Generated by org.testng.reporters.JUnitReportReporter -->
<testsuite hostname="Naveen" failures="0" tests="1" name="Bdd_Method.crudForBdd" time="4.498" errors="0" timestamp="2024-01-17T12:35:33 IST" skipped="0">
  <testcase classname="Bdd_Method.crudForBdd" name="postMethodFromJacksonBind" time="4.498"/>
  <system-out/>
</testsuite> <!-- Bdd_Method.crudForBdd -->
