<?xml version="1.0" encoding="UTF-8"?>
<!-- Generated by org.testng.reporters.JUnitReportReporter -->
<testsuite hostname="Naveen" failures="0" tests="1" name="deserialiazeAnnotation.jsonSetterDeSerialiazer" time="0.359" errors="0" timestamp="2024-02-23T13:35:32 IST" skipped="0">
  <testcase classname="deserialiazeAnnotation.jsonSetterDeSerialiazer" name="JsonSetter" time="0.359"/>
  <system-out/>
</testsuite> <!-- deserialiazeAnnotation.jsonSetterDeSerialiazer -->
