<?xml version="1.0" encoding="UTF-8"?>
<!-- Generated by org.testng.reporters.JUnitReportReporter -->
<testsuite hostname="Naveen" failures="0" tests="1" name="constructPOJO.serializer" time="0.072" errors="0" timestamp="2024-02-19T17:55:22 IST" skipped="0">
  <testcase classname="constructPOJO.serializer" name="deserialiazation" time="0.072"/>
  <system-out/>
</testsuite> <!-- constructPOJO.serializer -->
