<?xml version="1.0" encoding="UTF-8"?>
<!-- Generated by org.testng.reporters.JUnitReportReporter -->
<testsuite hostname="Naveen" failures="0" tests="1" name="authorization.BasicAuth" time="3.747" errors="0" timestamp="2024-02-20T18:11:49 IST" skipped="0">
  <testcase classname="authorization.BasicAuth" name="oAuth2" time="3.747"/>
  <system-out/>
</testsuite> <!-- authorization.BasicAuth -->
